 o ...予定通りいったこと
 x ...予定通り進まなかったこと
 - ...予定になかったこと
--------- 2/22(Fri) ---------
 o simulatorのバグ修正
 o sim_fastnostopを速度に特化させた
 o 3rd_2用assembler書いた
--------- 2/8(Fri) ----------
 o simulatorにmemoryの統計を取る機能を追加
 o register数64個のsimulatorを作った
--------- 2/7(Thu) ----------
 o simulatorのdebug機能一部復活
--------- 2/6(Wed) ----------
 o simulator のバグ修正
 o tan.s(library)完成
--------- 2/5(Tue) ----------
 o 3rd Assembler 完成
--------- 1/20(Sun) ----------
 o 3rd用シミュレータ完成
--------- 1/14(Mon) ----------
（帰省）
 o atan完成
--------- 1/7(Mon) -----------
 - sin, cosのライブラリ実装を2ndに合わせた。
--------- 12/18(Tue) ---------
 - シミュレータをちょこちょこいじった
--------- 12/17(Mon) ---------
 - アセンブラのバグに気付いて直した（作業時間3分）
--------- 12/14(Fri) ---------
 o アセンブラ書き終わった
--------- 12/13(Thu) ---------
 o アセンブラ書いてる
--------- 12/05(Thu) ---------
（予定）アセンブラ書き始める。
--------- 12/02(Mon) ---------
 - シミュレータのデコーダを見やすく。
 - 新しいFPUに対応
--------- 11/29(Thu) ---------
 - シミュレータの修正, テスト, コードを見やすく
--------- 11/28(Wed) ---------
 o シミュレータ 2nd Architecture対応完了。
--------- 11/27(Tue) ---------
 o 2ndシミュレータ書き終わり。もうちょっと用心深くテストする。
 o libraryのsin, cosを2nd ISAに対応させた。
--------- 11/22(Thu) ---------
 o シミュレータのデコーダを新しい命令に対応させた。
（シミュレータのデコーダとアセンブラでコードを共有させる予定）
--------- 11/21(Wed) ---------
（atanの実装は2ndの命令に慣れてからにすることにした）
 o 既存の命令で命令名が変わったものを対応させる
--------- 11/20(Tue) ---------
 o atanC実装, kernel_atanのassembly実装
 - simulator, assemblerのバグ修正
--------- 11/19(Mon) ---------
 - FPUデバッグ用のシミュレータ
 × atan途中
--------- 11/13(Tue) ---------
 - cosの誤差が残っていたのを消した
--------- 11/12(Mon) ---------
none
----- 11/10,11(Sat, Sun) -----
none
--------- 11/09(Fri) ---------
 ○ sinの誤差実は最初からなかったことが判明。
 - cosのテスト
--------- 11/08(Thu) ---------
none
--------- 11/07(Wed) ---------
none
--------- 11/06(Tue) ---------
 - ライブラリ誤差治し
--------- 11/05(Mon) ---------
 - アセンブラのlabelの処理ががおかしいバグ修正
 --------- 11/02(Fri) ---------
 o 他の課題
--------- 11/01(Thu) ---------
 x sinの誤差のとり方が分からない
 - cosの実装（ただしsin並の誤差は乗る）
--------- 10/31(Wed) ---------
 o 計算量演習B
 x sinの誤差が消えない…
--------- 10/30(Tue) ---------
 - fpuに対応
 x sinの精度が悪い。どっかバグってそう。
--------- 10/29(Mon) ---------
 - シミュレータのデバッグ(命令実行数が多くても大丈夫, in命令)
--------- 10/27, 28(Sat, Sun) ---------
--------- 10/26(Fri) ----------
 - シミュレータのデバッグ(in命令, swf命令)
 - 前回停止時から中身が変わったメモリの番地を表示する機能追加
--------- 10/25(Thu) ----------
 o コンパイラ課題2
 - いいかげんアセンブラをなんとかした。デバッグ80%くらい終わった？
 x サークルの仕事
--------- 10/24(Wed) ----------
 x コンパイラ課題2
--------- 10/23(Tue) ----------
 o シミュレータのUIを大幅に変更
 o コンパイラ課題2
 x アセンブラのテストしてない
--------- 10/22(Mon) ----------
 o 言語モデル論課題
 o 連続系アルゴリズム課題
 - simulatorのout命令のバグ直した（謝罪）
 - assembler書いた。テスト中。
 x cscで重い作業してた人がいたのでMPIはやめ。
--------- 10/21(Sun) ----------
 x MPI
--------- 10/20(Sat) ----------
 x MPIできない
--------- 10/19(Fri) ----------
 x MPI（未完成）
 o i/o命令実装
 x アセンブラまた手をつけてないです
--------- 10/18(Thu) ----------
 - コンパイラ課題3-1終わり。
 x MPI終わらなかった（死
 x アセンブラ、サークルの仕事に手をつけられず
--------- 10/17(Wed) ---------
 o endianについて学習。冷静になれば簡単だった。
 o llif, luifのバグなどを修正
 o 計算量演習の課題提出
 o コンパイラ課題1提出
 x （アセンブラ完成）

---------10/16(Tue)----------
 o 発表資料の準備
 o アセンブラ. endianが全然理解できてなくて出力が合ってるのかどうかの判別に手こずっている。
 o シミュレータのlliのバグを指摘され直す.
 o 擬似命令setlを追加。rst, dbg命令を実装。i/o命令が実装途中。
   			    out**命令はendianを理解できてなくて出力が(ry
			    in命令は標準入力からinputする仕様になっているのをファイルからinputするように直す。

