作成したファイルなどのまとめ

●VHDLファイル
○I/O
仕様は、周波数66MHz、ボーレート115200、バッファサイズ256バイト

sender.vhd : RS232C送信
receiver.vhd : RS232C受信
input_controller.vhd : 受信処理
output_controller.vhd : 送信処理
io_controller.vhd : I/Oコントローラ

input_controller_mini.vhd : シミュレート用にバッファサイズを8バイトにしたもの
output_controller_mini.vhd : シミュレート用にバッファサイズを8バイトにしたもの
io_controller_mini.vhd : シミュレート用に送受信バッファサイズを各8バイトにしたもの

loopback_test.vhd : RS232C送受信のループバックテスト
io_sim.vhd : I/Oコントローラの(ループバック)シミュレーション
io_test.vhd : I/Oコントローラの(ループバック)テスト
io_test_mini.vhd : シミュレート用に送受信バッファサイズを各8バイトにしたもの

○SRAM
sram_controller.vhd : SRAMコントローラ

sram_test.vhd : SRAMコントローラの(ループバック)テスト

○その他
bram_.vhd : BlockRAMの書き方例
