作成したファイルなどのまとめ

●VHDLファイル
○I/O
仕様は、周波数66MHz、ボーレート115200、バッファサイズ256バイト

sender.vhd : RS232C送信
receiver.vhd : RS232C受信
input_controller.vhd : 受信処理
output_controller.vhd : 送信処理
io_controller.vhd : I/Oコントローラ

○データメモリ
sram_controller.vhd : SRAMコントローラ
sram_model.vhd : SRAMシミュレーションモデル(アドレス幅20bit,容量1Mワード)

○演算ユニット
alu.vhd : ALU
shifter.vhd : シフタ

fpu.vhd : FPU(今はただの箱)

○レジスタ
int_register.vhd : 整数レジスタ(アドレス幅5bit,容量32ワード)
fp_register.vhd : 浮動小数点数レジスタ(アドレス幅5bit,容量32ワード)

○命令メモリ
inst_mem.vhd : 命令メモリ(アドレス幅15bit(形式的に16bitで与える),容量32Kワード)
inst_mem_fixed.vhd : プログラムで初期化した命令メモリ

○制御
decoder.vhd : ステートマシンのデコーダ(次のPCを決める)

○コア
core.vhd : ver1.1
core_sim.vhd : ver1.1
